Starting deployment process...
Step 1: Testing SSH connection...
SSH connection successful
Step 2: Installing system dependencies...
Pseudo-terminal will not be allocated because stdin is not a terminal.
Welcome to Ubuntu 24.04.3 LTS (GNU/Linux 6.8.0-87-generic x86_64)

 * Documentation:  https://help.ubuntu.com
 * Management:     https://landscape.canonical.com
 * Support:        https://ubuntu.com/pro

 System information as of Wed Dec  3 23:05:16 UTC 2025

  System load:  0.32               Processes:             226
  Usage of /:   22.2% of 95.82GB   Users logged in:       0
  Memory usage: 67%                IPv4 address for eth0: 148.230.118.19
  Swap usage:   0%                 IPv6 address for eth0: 2a02:4780:28:2afa::1

 * Strictly confined Kubernetes makes edge and IoT secure. Learn how MicroK8s
   just raised the bar for easy, resilient and secure K8s cluster deployment.

   https://ubuntu.com/engage/secure-kubernetes-at-the-edge

Expanded Security Maintenance for Applications is not enabled.

15 updates can be applied immediately.
To see these additional updates run: apt list --upgradable

Enable ESM Apps to receive additional future security updates.
See https://ubuntu.com/esm or run: sudo pro status


1 updates could not be installed automatically. For more details,
see /var/log/unattended-upgrades/unattended-upgrades.log

*** System restart required ***
Hit:1 http://archive.ubuntu.com/ubuntu noble InRelease
Get:2 http://ubuntu.mirrors.ovh.net/ubuntu noble-backports InRelease [126 kB]
Hit:3 http://ubuntu.mirrors.ovh.net/ubuntu noble InRelease
Get:4 http://ubuntu.mirrors.ovh.net/ubuntu noble-security InRelease [126 kB]
Get:5 http://archive.ubuntu.com/ubuntu noble-updates InRelease [126 kB]
Get:6 http://archive.ubuntu.com/ubuntu noble-backports InRelease [126 kB]
Get:7 http://ubuntu.mirrors.ovh.net/ubuntu noble-updates InRelease [126 kB]
Get:8 http://archive.ubuntu.com/ubuntu noble-security InRelease [126 kB]
Hit:9 https://download.docker.com/linux/ubuntu noble InRelease
Hit:10 https://repository.monarx.com/repository/ubuntu-noble noble InRelease
Get:11 http://ubuntu.mirrors.ovh.net/ubuntu noble-backports/main amd64 Components [7144 B]
Get:12 http://ubuntu.mirrors.ovh.net/ubuntu noble-backports/restricted amd64 Components [216 B]
Get:13 http://ubuntu.mirrors.ovh.net/ubuntu noble-backports/universe amd64 Components [11.0 kB]
Get:14 http://ubuntu.mirrors.ovh.net/ubuntu noble-backports/multiverse amd64 Components [212 B]
Hit:15 https://deb.nodesource.com/node_20.x nodistro InRelease
Get:16 http://archive.ubuntu.com/ubuntu noble-updates/main amd64 Packages [1627 kB]
Get:17 http://archive.ubuntu.com/ubuntu noble-updates/main Translation-en [305 kB]
Get:18 http://archive.ubuntu.com/ubuntu noble-updates/main amd64 Components [175 kB]
Get:19 http://archive.ubuntu.com/ubuntu noble-updates/main amd64 c-n-f Metadata [15.7 kB]
Get:20 http://archive.ubuntu.com/ubuntu noble-updates/universe amd64 Packages [1500 kB]
Get:21 http://archive.ubuntu.com/ubuntu noble-updates/universe amd64 Components [378 kB]
Get:22 http://archive.ubuntu.com/ubuntu noble-updates/restricted amd64 Packages [2309 kB]
Get:23 http://archive.ubuntu.com/ubuntu noble-updates/restricted Translation-en [526 kB]
Get:24 http://archive.ubuntu.com/ubuntu noble-updates/restricted amd64 Components [212 B]
Get:25 http://archive.ubuntu.com/ubuntu noble-updates/multiverse amd64 Components [940 B]
Get:26 http://ubuntu.mirrors.ovh.net/ubuntu noble-security/main Translation-en [219 kB]
Get:27 http://ubuntu.mirrors.ovh.net/ubuntu noble-security/main amd64 Components [21.5 kB]
Get:28 http://ubuntu.mirrors.ovh.net/ubuntu noble-security/restricted amd64 Components [212 B]
Get:29 http://ubuntu.mirrors.ovh.net/ubuntu noble-security/universe amd64 Components [71.4 kB]
Get:30 http://ubuntu.mirrors.ovh.net/ubuntu noble-security/multiverse amd64 Components [212 B]
Get:31 http://ubuntu.mirrors.ovh.net/ubuntu noble-updates/main amd64 Packages [1627 kB]
Get:32 http://ubuntu.mirrors.ovh.net/ubuntu noble-updates/main Translation-en [305 kB]
Get:33 http://ubuntu.mirrors.ovh.net/ubuntu noble-updates/main amd64 Components [175 kB]
Get:34 http://ubuntu.mirrors.ovh.net/ubuntu noble-updates/restricted amd64 Packages [2309 kB]
Get:35 http://ubuntu.mirrors.ovh.net/ubuntu noble-updates/restricted Translation-en [526 kB]
Get:36 http://ubuntu.mirrors.ovh.net/ubuntu noble-updates/restricted amd64 Components [212 B]
Get:37 http://ubuntu.mirrors.ovh.net/ubuntu noble-updates/universe amd64 Components [378 kB]
Get:38 http://ubuntu.mirrors.ovh.net/ubuntu noble-updates/multiverse amd64 Components [940 B]
Get:39 http://archive.ubuntu.com/ubuntu noble-backports/main amd64 Components [7136 B]
Get:40 http://archive.ubuntu.com/ubuntu noble-backports/universe amd64 Components [11.0 kB]
Get:41 http://archive.ubuntu.com/ubuntu noble-backports/restricted amd64 Components [216 B]
Get:42 http://archive.ubuntu.com/ubuntu noble-backports/multiverse amd64 Components [212 B]
Get:43 http://archive.ubuntu.com/ubuntu noble-security/main amd64 Packages [1340 kB]
Get:44 http://archive.ubuntu.com/ubuntu noble-security/main Translation-en [219 kB]
Get:45 http://archive.ubuntu.com/ubuntu noble-security/main amd64 Components [21.5 kB]
Get:46 http://archive.ubuntu.com/ubuntu noble-security/main amd64 c-n-f Metadata [9448 B]
Get:47 http://archive.ubuntu.com/ubuntu noble-security/universe amd64 Packages [915 kB]
Get:48 http://archive.ubuntu.com/ubuntu noble-security/universe amd64 Components [71.5 kB]
Get:49 http://archive.ubuntu.com/ubuntu noble-security/restricted amd64 Components [212 B]
Get:50 http://archive.ubuntu.com/ubuntu noble-security/multiverse amd64 Components [208 B]
Fetched 15.8 MB in 3s (6224 kB/s)
Reading package lists...
Reading package lists...
Building dependency tree...
Reading state information...
git is already the newest version (1:2.43.0-1ubuntu7.3).
git set to manually installed.
0 upgraded, 0 newly installed, 0 to remove and 19 not upgraded.
Warning: apt-key is deprecated. Manage keyring files in trusted.gpg.d instead (see apt-key(8)).
OK
deb [ arch=amd64,arm64 ] https://repo.mongodb.org/apt/ubuntu focal/mongodb-org/6.0 multiverse
Hit:1 http://ubuntu.mirrors.ovh.net/ubuntu noble-backports InRelease
Hit:2 http://ubuntu.mirrors.ovh.net/ubuntu noble InRelease
Hit:3 http://ubuntu.mirrors.ovh.net/ubuntu noble-security InRelease
Hit:4 http://ubuntu.mirrors.ovh.net/ubuntu noble-updates InRelease
Hit:5 https://download.docker.com/linux/ubuntu noble InRelease
Hit:6 https://repository.monarx.com/repository/ubuntu-noble noble InRelease
Hit:7 http://archive.ubuntu.com/ubuntu noble InRelease
Hit:8 http://archive.ubuntu.com/ubuntu noble-updates InRelease
Get:9 https://repo.mongodb.org/apt/ubuntu focal/mongodb-org/6.0 InRelease [4009 B]
Hit:10 http://archive.ubuntu.com/ubuntu noble-backports InRelease
Hit:11 https://deb.nodesource.com/node_20.x nodistro InRelease
Hit:12 http://archive.ubuntu.com/ubuntu noble-security InRelease
Get:13 https://repo.mongodb.org/apt/ubuntu focal/mongodb-org/6.0/multiverse amd64 Packages [114 kB]
Get:14 https://repo.mongodb.org/apt/ubuntu focal/mongodb-org/6.0/multiverse arm64 Packages [110 kB]
Fetched 228 kB in 1s (175 kB/s)
Reading package lists...
W: https://repo.mongodb.org/apt/ubuntu/dists/focal/mongodb-org/6.0/InRelease: Key is stored in legacy trusted.gpg keyring (/etc/apt/trusted.gpg), see the DEPRECATION section in apt-key(8) for details.
Reading package lists...
Building dependency tree...
Reading state information...
Some packages could not be installed. This may mean that you have
requested an impossible situation or if you are using the unstable
distribution that some required packages have not yet been created
or been moved out of Incoming.
The following information may help to resolve the situation:

The following packages have unmet dependencies:
 mongodb-org-mongos : Depends: libssl1.1 (>= 1.1.1) but it is not installable
 mongodb-org-server : Depends: libssl1.1 (>= 1.1.1) but it is not installable
E: Unable to correct problems, you have held broken packages.
Failed to start mongod.service: Unit mongod.service not found.
Dependencies installed successfully
Failed to enable unit: Unit file mongod.service does not exist.
Step 3: Cloning/updating repository on VPS...
Pseudo-terminal will not be allocated because stdin is not a terminal.
Welcome to Ubuntu 24.04.3 LTS (GNU/Linux 6.8.0-87-generic x86_64)

 * Documentation:  https://help.ubuntu.com
 * Management:     https://landscape.canonical.com
 * Support:        https://ubuntu.com/pro

 System information as of Wed Dec  3 23:05:16 UTC 2025

  System load:  0.32               Processes:             226
  Usage of /:   22.2% of 95.82GB   Users logged in:       0
  Memory usage: 67%                IPv4 address for eth0: 148.230.118.19
  Swap usage:   0%                 IPv6 address for eth0: 2a02:4780:28:2afa::1

 * Strictly confined Kubernetes makes edge and IoT secure. Learn how MicroK8s
   just raised the bar for easy, resilient and secure K8s cluster deployment.

   https://ubuntu.com/engage/secure-kubernetes-at-the-edge

Expanded Security Maintenance for Applications is not enabled.

18 updates can be applied immediately.
3 of these updates are standard security updates.
To see these additional updates run: apt list --upgradable

Enable ESM Apps to receive additional future security updates.
See https://ubuntu.com/esm or run: sudo pro status


1 updates could not be installed automatically. For more details,
see /var/log/unattended-upgrades/unattended-upgrades.log

*** System restart required ***
Cloning repository...
Cloning into 'family-social-site-pes-01'...
fatal: could not read Username for 'https://github.com': No such device or address
-bash: line 11: cd: family-social-site-pes-01: No such file or directory
Step 4: Copying production environment file...
bash: line 1: /var/www/family-social-site-pes-01/.env: No such file or directory
Step 5: Installing backend dependencies...
bash: line 1: cd: /var/www/family-social-site-pes-01: No such file or directory
Step 6: Installing client dependencies and building React app...
bash: line 1: cd: /var/www/family-social-site-pes-01/client: No such file or directory
Step 7: Creating superadmin account...
bash: line 1: cd: /var/www/family-social-site-pes-01: No such file or directory
Step 8: Setting up PM2 to run the application...
Pseudo-terminal will not be allocated because stdin is not a terminal.
Welcome to Ubuntu 24.04.3 LTS (GNU/Linux 6.8.0-87-generic x86_64)

 * Documentation:  https://help.ubuntu.com
 * Management:     https://landscape.canonical.com
 * Support:        https://ubuntu.com/pro

 System information as of Wed Dec  3 23:05:16 UTC 2025

  System load:  0.32               Processes:             226
  Usage of /:   22.2% of 95.82GB   Users logged in:       0
  Memory usage: 67%                IPv4 address for eth0: 148.230.118.19
  Swap usage:   0%                 IPv6 address for eth0: 2a02:4780:28:2afa::1

 * Strictly confined Kubernetes makes edge and IoT secure. Learn how MicroK8s
   just raised the bar for easy, resilient and secure K8s cluster deployment.

   https://ubuntu.com/engage/secure-kubernetes-at-the-edge

Expanded Security Maintenance for Applications is not enabled.

18 updates can be applied immediately.
3 of these updates are standard security updates.
To see these additional updates run: apt list --upgradable

Enable ESM Apps to receive additional future security updates.
See https://ubuntu.com/esm or run: sudo pro status


1 updates could not be installed automatically. For more details,
see /var/log/unattended-upgrades/unattended-upgrades.log

*** System restart required ***
-bash: line 1: cd: /var/www/family-social-site-pes-01: No such file or directory
[PM2] Applying action stopProcessId on app [all](ids: [ 0, 1, 2, 4, 7, 8 ])
[PM2] [camsol_backend](0) ✓
[PM2] [camsol-backend](2) ✓
[PM2] [camsoltechnology](1) ✓
[PM2] [profundra-backend](7) ✓
[PM2] [camsol-frontend](4) ✓
[PM2] [profundra-frontend](8) ✓
┌────┬───────────────────────┬─────────────┬─────────┬─────────┬──────────┬────────┬──────┬───────────┬──────────┬──────────┬──────────┬──────────┐
│ id │ name                  │ namespace   │ version │ mode    │ pid      │ uptime │ ↺    │ status    │ cpu      │ mem      │ user     │ watching │
├────┼───────────────────────┼─────────────┼─────────┼─────────┼──────────┼────────┼──────┼───────────┼──────────┼──────────┼──────────┼──────────┤
│ 2  │ camsol-backend        │ default     │ 1.0.0   │ fork    │ 0        │ 0      │ 61   │ stopped   │ 0%       │ 0b       │ root     │ disabled │
│ 4  │ camsol-frontend       │ default     │ N/A     │ fork    │ 0        │ 0      │ 1    │ stopped   │ 0%       │ 0b       │ root     │ disabled │
│ 0  │ camsol_backend        │ default     │ 1.0.0   │ fork    │ 0        │ 0      │ 40   │ stopped   │ 0%       │ 0b       │ root     │ disabled │
│ 1  │ camsoltechnology      │ default     │ N/A     │ fork    │ 0        │ 0      │ 0    │ stopped   │ 0%       │ 0b       │ root     │ disabled │
│ 7  │ profundra-backend     │ default     │ 1.0.0   │ fork    │ 0        │ 0      │ 9    │ stopped   │ 0%       │ 0b       │ root     │ disabled │
│ 8  │ profundra-frontend    │ default     │ 14.2.4  │ fork    │ 0        │ 0      │ 2    │ stopped   │ 0%       │ 0b       │ root     │ disabled │
└────┴───────────────────────┴─────────────┴─────────┴─────────┴──────────┴────────┴──────┴───────────┴──────────┴──────────┴──────────┴──────────┘
[PM2] Applying action deleteProcessId on app [all](ids: [ 0, 1, 2, 4, 7, 8 ])
[PM2] [camsol_backend](0) ✓
[PM2] [camsoltechnology](1) ✓
[PM2] [camsol-backend](2) ✓
[PM2] [camsol-frontend](4) ✓
[PM2] [profundra-backend](7) ✓
[PM2] [profundra-frontend](8) ✓
┌────┬───────────┬─────────────┬─────────┬─────────┬──────────┬────────┬──────┬───────────┬──────────┬──────────┬──────────┬──────────┐
│ id │ name      │ namespace   │ version │ mode    │ pid      │ uptime │ ↺    │ status    │ cpu      │ mem      │ user     │ watching │
└────┴───────────┴─────────────┴─────────┴─────────┴──────────┴────────┴──────┴───────────┴──────────┴──────────┴──────────┴──────────┘
[PM2][ERROR] Script not found: /root/server.js
[PM2] Saving current process list...
[PM2][WARN] PM2 is not managing any process, skipping save...
[PM2][WARN] To force saving use: pm2 save --force
[PM2] Init System found: systemd
Platform systemd
Template
[Unit]
Description=PM2 process manager
Documentation=https://pm2.keymetrics.io/
After=network.target

[Service]
Type=forking
User=root
LimitNOFILE=infinity
LimitNPROC=infinity
LimitCORE=infinity
Environment=PATH=/usr/local/sbin:/usr/local/bin:/usr/sbin:/usr/bin:/sbin:/bin:/usr/games:/usr/local/games:/snap/bin:/bin:/usr/local/sbin:/usr/local/bin:/usr/sbin:/usr/bin
Environment=PM2_HOME=/root/.pm2
PIDFile=/root/.pm2/pm2.pid
Restart=on-failure

ExecStart=/usr/lib/node_modules/pm2/bin/pm2 resurrect
ExecReload=/usr/lib/node_modules/pm2/bin/pm2 reload all
ExecStop=/usr/lib/node_modules/pm2/bin/pm2 kill

[Install]
WantedBy=multi-user.target

Target path
/etc/systemd/system/pm2-root.service
Command list
[ 'systemctl enable pm2-root' ]
[PM2] Writing init configuration in /etc/systemd/system/pm2-root.service
[PM2] Making script booting at startup...
[PM2] [-] Executing: systemctl enable pm2-root...
[PM2] [v] Command successfully executed.
+---------------------------------------+
[PM2] Freeze a process list on reboot via:
$ pm2 save

[PM2] Remove init script via:
$ pm2 unstartup systemd
Step 9: Installing Certbot for SSL...
Pseudo-terminal will not be allocated because stdin is not a terminal.
Welcome to Ubuntu 24.04.3 LTS (GNU/Linux 6.8.0-87-generic x86_64)

 * Documentation:  https://help.ubuntu.com
 * Management:     https://landscape.canonical.com
 * Support:        https://ubuntu.com/pro

 System information as of Wed Dec  3 23:05:16 UTC 2025

  System load:  0.32               Processes:             226
  Usage of /:   22.2% of 95.82GB   Users logged in:       0
  Memory usage: 67%                IPv4 address for eth0: 148.230.118.19
  Swap usage:   0%                 IPv6 address for eth0: 2a02:4780:28:2afa::1

 * Strictly confined Kubernetes makes edge and IoT secure. Learn how MicroK8s
   just raised the bar for easy, resilient and secure K8s cluster deployment.

   https://ubuntu.com/engage/secure-kubernetes-at-the-edge

Expanded Security Maintenance for Applications is not enabled.

18 updates can be applied immediately.
3 of these updates are standard security updates.
To see these additional updates run: apt list --upgradable

Enable ESM Apps to receive additional future security updates.
See https://ubuntu.com/esm or run: sudo pro status


1 updates could not be installed automatically. For more details,
see /var/log/unattended-upgrades/unattended-upgrades.log

*** System restart required ***
Reading package lists...
Building dependency tree...
Reading state information...
certbot is already the newest version (2.9.0-1).
python3-certbot-nginx is already the newest version (2.9.0-1).
0 upgraded, 0 newly installed, 0 to remove and 19 not upgraded.
Step 10: Configuring Nginx (initial HTTP config)...
Pseudo-terminal will not be allocated because stdin is not a terminal.
Welcome to Ubuntu 24.04.3 LTS (GNU/Linux 6.8.0-87-generic x86_64)

 * Documentation:  https://help.ubuntu.com
 * Management:     https://landscape.canonical.com
 * Support:        https://ubuntu.com/pro

 System information as of Wed Dec  3 23:05:16 UTC 2025

  System load:  0.32               Processes:             226
  Usage of /:   22.2% of 95.82GB   Users logged in:       0
  Memory usage: 67%                IPv4 address for eth0: 148.230.118.19
  Swap usage:   0%                 IPv6 address for eth0: 2a02:4780:28:2afa::1

 * Strictly confined Kubernetes makes edge and IoT secure. Learn how MicroK8s
   just raised the bar for easy, resilient and secure K8s cluster deployment.

   https://ubuntu.com/engage/secure-kubernetes-at-the-edge

Expanded Security Maintenance for Applications is not enabled.

18 updates can be applied immediately.
3 of these updates are standard security updates.
To see these additional updates run: apt list --upgradable

Enable ESM Apps to receive additional future security updates.
See https://ubuntu.com/esm or run: sudo pro status


1 updates could not be installed automatically. For more details,
see /var/log/unattended-upgrades/unattended-upgrades.log

*** System restart required ***
nginx: the configuration file /etc/nginx/nginx.conf syntax is ok
nginx: configuration file /etc/nginx/nginx.conf test is successful
Step 11: Obtaining SSL certificate...
IMPORTANT: Make sure your domain x.subercraftex.com points to 148.230.118.19
Pseudo-terminal will not be allocated because stdin is not a terminal.
Welcome to Ubuntu 24.04.3 LTS (GNU/Linux 6.8.0-87-generic x86_64)

 * Documentation:  https://help.ubuntu.com
 * Management:     https://landscape.canonical.com
 * Support:        https://ubuntu.com/pro

 System information as of Wed Dec  3 23:05:16 UTC 2025

  System load:  0.32               Processes:             226
  Usage of /:   22.2% of 95.82GB   Users logged in:       0
  Memory usage: 67%                IPv4 address for eth0: 148.230.118.19
  Swap usage:   0%                 IPv6 address for eth0: 2a02:4780:28:2afa::1

 * Strictly confined Kubernetes makes edge and IoT secure. Learn how MicroK8s
   just raised the bar for easy, resilient and secure K8s cluster deployment.

   https://ubuntu.com/engage/secure-kubernetes-at-the-edge

Expanded Security Maintenance for Applications is not enabled.

18 updates can be applied immediately.
3 of these updates are standard security updates.
To see these additional updates run: apt list --upgradable

Enable ESM Apps to receive additional future security updates.
See https://ubuntu.com/esm or run: sudo pro status


1 updates could not be installed automatically. For more details,
see /var/log/unattended-upgrades/unattended-upgrades.log

*** System restart required ***
Saving debug log to /var/log/letsencrypt/letsencrypt.log
Requesting a certificate for x.subercraftex.com

Successfully received certificate.
Certificate is saved at: /etc/letsencrypt/live/x.subercraftex.com/fullchain.pem
Key is saved at:         /etc/letsencrypt/live/x.subercraftex.com/privkey.pem
This certificate expires on 2026-03-03.
These files will be updated when the certificate renews.
Certbot has set up a scheduled task to automatically renew this certificate in the background.

Deploying certificate
Successfully deployed certificate for x.subercraftex.com to /etc/nginx/sites-enabled/family-social-site
Congratulations! You have successfully enabled HTTPS on https://x.subercraftex.com

- - - - - - - - - - - - - - - - - - - - - - - - - - - - - - - - - - - - - - - -
If you like Certbot, please consider supporting our work by:
 * Donating to ISRG / Let's Encrypt:   https://letsencrypt.org/donate
 * Donating to EFF:                    https://eff.org/donate-le
- - - - - - - - - - - - - - - - - - - - - - - - - - - - - - - - - - - - - - - -

=========================================
Deployment completed successfully!
=========================================

Your application is now running at:
  - HTTPS: https://x.subercraftex.com
  - HTTP: http://x.subercraftex.com
  - IP: http://148.230.118.19

Superadmin credentials:
  Email: mohamad.siysinyuy@gmail.com
  Password: Msb1@@@@

Useful commands:
  - View logs: ssh root@148.230.118.19 'pm2 logs'
  - Restart app: ssh root@148.230.118.19 'pm2 restart family-social-site'
  - Stop app: ssh root@148.230.118.19 'pm2 stop family-social-site'
  - Renew SSL: ssh root@148.230.118.19 'certbot renew'
=========================================
